{"C:\\Users\\user\\Desktop\\Study\\Computer Science\\Third-year\\Advanced-Web-Applications\\Assignments\\Assignment-2---USER-JWT-SWAGGER-JEST\\src\\server.ts": {"path":"C:\\Users\\user\\Desktop\\Study\\Computer Science\\Third-year\\Advanced-Web-Applications\\Assignments\\Assignment-2---USER-JWT-SWAGGER-JEST\\src\\server.ts","statementMap":{"0":{"start":{"line":1,"column":0},"end":{"line":1,"column":43}},"1":{"start":{"line":2,"column":12},"end":{"line":2,"column":21}},"2":{"start":{"line":3,"column":0},"end":{"line":3,"column":28}},"3":{"start":{"line":4,"column":0},"end":{"line":4,"column":16}},"4":{"start":{"line":5,"column":0},"end":{"line":5,"column":32}},"5":{"start":{"line":6,"column":0},"end":{"line":6,"column":37}},"6":{"start":{"line":7,"column":0},"end":{"line":7,"column":49}},"7":{"start":{"line":8,"column":0},"end":{"line":8,"column":55}},"8":{"start":{"line":10,"column":0},"end":{"line":10,"column":47}},"9":{"start":{"line":12,"column":16},"end":{"line":45,"column":1}},"10":{"start":{"line":13,"column":2},"end":{"line":44,"column":5}},"11":{"start":{"line":14,"column":15},"end":{"line":14,"column":34}},"12":{"start":{"line":15,"column":4},"end":{"line":15,"column":69}},"13":{"start":{"line":16,"column":4},"end":{"line":18,"column":7}},"14":{"start":{"line":17,"column":6},"end":{"line":17,"column":47}},"15":{"start":{"line":19,"column":4},"end":{"line":43,"column":5}},"16":{"start":{"line":20,"column":6},"end":{"line":20,"column":42}},"17":{"start":{"line":22,"column":6},"end":{"line":42,"column":11}},"18":{"start":{"line":25,"column":10},"end":{"line":25,"column":37}},"19":{"start":{"line":26,"column":10},"end":{"line":26,"column":61}},"20":{"start":{"line":27,"column":10},"end":{"line":27,"column":42}},"21":{"start":{"line":28,"column":10},"end":{"line":28,"column":48}},"22":{"start":{"line":29,"column":10},"end":{"line":29,"column":40}},"23":{"start":{"line":30,"column":10},"end":{"line":37,"column":12}},"24":{"start":{"line":32,"column":14},"end":{"line":32,"column":39}},"25":{"start":{"line":33,"column":14},"end":{"line":35,"column":62}},"26":{"start":{"line":38,"column":10},"end":{"line":38,"column":23}},"27":{"start":{"line":41,"column":10},"end":{"line":41,"column":22}},"28":{"start":{"line":47,"column":0},"end":{"line":47,"column":23}}},"fnMap":{"0":{"name":"(anonymous_1)","decl":{"start":{"line":12,"column":16},"end":{"line":12,"column":37}},"loc":{"start":{"line":12,"column":39},"end":{"line":45,"column":1}}},"1":{"name":"(anonymous_2)","decl":{"start":{"line":13,"column":30},"end":{"line":13,"column":31}},"loc":{"start":{"line":13,"column":50},"end":{"line":44,"column":3}}},"2":{"name":"(anonymous_3)","decl":{"start":{"line":16,"column":20},"end":{"line":16,"column":null}},"loc":{"start":{"line":16,"column":20},"end":{"line":18,"column":5}}},"3":{"name":"(anonymous_4)","decl":{"start":{"line":24,"column":14},"end":{"line":24,"column":17}},"loc":{"start":{"line":24,"column":19},"end":{"line":39,"column":9}}},"4":{"name":"(anonymous_5)","decl":{"start":{"line":31,"column":12},"end":{"line":31,"column":13}},"loc":{"start":{"line":31,"column":74},"end":{"line":36,"column":13}}},"5":{"name":"(anonymous_6)","decl":{"start":{"line":40,"column":15},"end":{"line":40,"column":16}},"loc":{"start":{"line":40,"column":23},"end":{"line":42,"column":9}}}},"branchMap":{"0":{"loc":{"start":{"line":19,"column":4},"end":{"line":43,"column":5}},"type":"if","locations":[{"start":{"line":19,"column":4},"end":{"line":43,"column":5}},{"start":{"line":21,"column":11},"end":{"line":43,"column":5}}]},"1":{"loc":{"start":{"line":34,"column":24},"end":{"line":34,"column":41}},"type":"binary-expr","locations":[{"start":{"line":34,"column":24},"end":{"line":34,"column":34}},{"start":{"line":34,"column":38},"end":{"line":34,"column":41}}]},"2":{"loc":{"start":{"line":35,"column":22},"end":{"line":35,"column":60}},"type":"binary-expr","locations":[{"start":{"line":35,"column":22},"end":{"line":35,"column":33}},{"start":{"line":35,"column":37},"end":{"line":35,"column":60}}]}},"s":{"0":3,"1":3,"2":3,"3":3,"4":3,"5":3,"6":3,"7":3,"8":3,"9":3,"10":3,"11":3,"12":3,"13":3,"14":3,"15":3,"16":0,"17":3,"18":3,"19":3,"20":3,"21":3,"22":3,"23":3,"24":0,"25":0,"26":3,"27":0,"28":3},"f":{"0":3,"1":3,"2":3,"3":3,"4":0,"5":0},"b":{"0":[0,3],"1":[0,0],"2":[0,0]}}
,"C:\\Users\\user\\Desktop\\Study\\Computer Science\\Third-year\\Advanced-Web-Applications\\Assignments\\Assignment-2---USER-JWT-SWAGGER-JEST\\src\\controllers\\auth_controller.ts": {"path":"C:\\Users\\user\\Desktop\\Study\\Computer Science\\Third-year\\Advanced-Web-Applications\\Assignments\\Assignment-2---USER-JWT-SWAGGER-JEST\\src\\controllers\\auth_controller.ts","statementMap":{"0":{"start":{"line":2,"column":0},"end":{"line":2,"column":45}},"1":{"start":{"line":3,"column":0},"end":{"line":3,"column":28}},"2":{"start":{"line":4,"column":0},"end":{"line":4,"column":31}},"3":{"start":{"line":5,"column":0},"end":{"line":5,"column":42}},"4":{"start":{"line":6,"column":0},"end":{"line":6,"column":52}},"5":{"start":{"line":8,"column":17},"end":{"line":32,"column":2}},"6":{"start":{"line":8,"column":71},"end":{"line":32,"column":2}},"7":{"start":{"line":9,"column":16},"end":{"line":9,"column":30}},"8":{"start":{"line":10,"column":19},"end":{"line":10,"column":36}},"9":{"start":{"line":12,"column":2},"end":{"line":15,"column":3}},"10":{"start":{"line":13,"column":4},"end":{"line":13,"column":54}},"11":{"start":{"line":14,"column":4},"end":{"line":14,"column":11}},"12":{"start":{"line":17,"column":2},"end":{"line":20,"column":3}},"13":{"start":{"line":18,"column":4},"end":{"line":18,"column":49}},"14":{"start":{"line":19,"column":4},"end":{"line":19,"column":11}},"15":{"start":{"line":22,"column":15},"end":{"line":22,"column":39}},"16":{"start":{"line":23,"column":25},"end":{"line":23,"column":58}},"17":{"start":{"line":25,"column":15},"end":{"line":29,"column":4}},"18":{"start":{"line":31,"column":2},"end":{"line":31,"column":29}},"19":{"start":{"line":34,"column":23},"end":{"line":61,"column":1}},"20":{"start":{"line":37,"column":17},"end":{"line":37,"column":52}},"21":{"start":{"line":38,"column":20},"end":{"line":38,"column":22}},"22":{"start":{"line":39,"column":21},"end":{"line":39,"column":23}},"23":{"start":{"line":40,"column":2},"end":{"line":58,"column":3}},"24":{"start":{"line":41,"column":4},"end":{"line":48,"column":6}},"25":{"start":{"line":50,"column":4},"end":{"line":57,"column":6}},"26":{"start":{"line":60,"column":2},"end":{"line":60,"column":39}},"27":{"start":{"line":63,"column":14},"end":{"line":94,"column":2}},"28":{"start":{"line":63,"column":52},"end":{"line":94,"column":2}},"29":{"start":{"line":64,"column":16},"end":{"line":64,"column":30}},"30":{"start":{"line":65,"column":19},"end":{"line":65,"column":36}},"31":{"start":{"line":66,"column":2},"end":{"line":69,"column":3}},"32":{"start":{"line":67,"column":4},"end":{"line":67,"column":52}},"33":{"start":{"line":68,"column":4},"end":{"line":68,"column":11}},"34":{"start":{"line":70,"column":15},"end":{"line":70,"column":56}},"35":{"start":{"line":71,"column":2},"end":{"line":74,"column":3}},"36":{"start":{"line":72,"column":4},"end":{"line":72,"column":52}},"37":{"start":{"line":73,"column":4},"end":{"line":73,"column":11}},"38":{"start":{"line":75,"column":24},"end":{"line":75,"column":69}},"39":{"start":{"line":76,"column":2},"end":{"line":79,"column":3}},"40":{"start":{"line":77,"column":4},"end":{"line":77,"column":52}},"41":{"start":{"line":78,"column":4},"end":{"line":78,"column":11}},"42":{"start":{"line":81,"column":25},"end":{"line":81,"column":44}},"43":{"start":{"line":82,"column":17},"end":{"line":82,"column":39}},"44":{"start":{"line":84,"column":2},"end":{"line":93,"column":3}},"45":{"start":{"line":85,"column":4},"end":{"line":85,"column":49}},"46":{"start":{"line":86,"column":4},"end":{"line":86,"column":22}},"47":{"start":{"line":87,"column":4},"end":{"line":92,"column":7}},"48":{"start":{"line":96,"column":15},"end":{"line":137,"column":2}},"49":{"start":{"line":96,"column":69},"end":{"line":137,"column":2}},"50":{"start":{"line":97,"column":23},"end":{"line":97,"column":44}},"51":{"start":{"line":98,"column":2},"end":{"line":101,"column":3}},"52":{"start":{"line":99,"column":4},"end":{"line":99,"column":50}},"53":{"start":{"line":100,"column":4},"end":{"line":100,"column":11}},"54":{"start":{"line":103,"column":2},"end":{"line":136,"column":3}},"55":{"start":{"line":104,"column":4},"end":{"line":135,"column":6}},"56":{"start":{"line":107,"column":36},"end":{"line":134,"column":null}},"57":{"start":{"line":108,"column":8},"end":{"line":111,"column":9}},"58":{"start":{"line":109,"column":10},"end":{"line":109,"column":48}},"59":{"start":{"line":110,"column":10},"end":{"line":110,"column":17}},"60":{"start":{"line":113,"column":24},"end":{"line":113,"column":44}},"61":{"start":{"line":115,"column":21},"end":{"line":115,"column":66}},"62":{"start":{"line":116,"column":8},"end":{"line":119,"column":9}},"63":{"start":{"line":117,"column":10},"end":{"line":117,"column":48}},"64":{"start":{"line":118,"column":10},"end":{"line":118,"column":17}},"65":{"start":{"line":121,"column":8},"end":{"line":126,"column":9}},"66":{"start":{"line":122,"column":10},"end":{"line":122,"column":34}},"67":{"start":{"line":123,"column":10},"end":{"line":123,"column":28}},"68":{"start":{"line":124,"column":10},"end":{"line":124,"column":48}},"69":{"start":{"line":125,"column":10},"end":{"line":125,"column":17}},"70":{"start":{"line":128,"column":8},"end":{"line":130,"column":10}},"71":{"start":{"line":129,"column":21},"end":{"line":129,"column":43}},"72":{"start":{"line":131,"column":8},"end":{"line":131,"column":26}},"73":{"start":{"line":133,"column":8},"end":{"line":133,"column":43}},"74":{"start":{"line":139,"column":16},"end":{"line":187,"column":2}},"75":{"start":{"line":139,"column":70},"end":{"line":187,"column":2}},"76":{"start":{"line":140,"column":23},"end":{"line":140,"column":44}},"77":{"start":{"line":141,"column":2},"end":{"line":144,"column":3}},"78":{"start":{"line":142,"column":4},"end":{"line":142,"column":42}},"79":{"start":{"line":143,"column":4},"end":{"line":143,"column":11}},"80":{"start":{"line":146,"column":2},"end":{"line":186,"column":3}},"81":{"start":{"line":147,"column":4},"end":{"line":185,"column":6}},"82":{"start":{"line":150,"column":36},"end":{"line":184,"column":null}},"83":{"start":{"line":151,"column":8},"end":{"line":154,"column":9}},"84":{"start":{"line":152,"column":10},"end":{"line":152,"column":48}},"85":{"start":{"line":153,"column":10},"end":{"line":153,"column":17}},"86":{"start":{"line":156,"column":24},"end":{"line":156,"column":44}},"87":{"start":{"line":157,"column":21},"end":{"line":157,"column":66}},"88":{"start":{"line":158,"column":8},"end":{"line":161,"column":9}},"89":{"start":{"line":159,"column":10},"end":{"line":159,"column":48}},"90":{"start":{"line":160,"column":10},"end":{"line":160,"column":17}},"91":{"start":{"line":163,"column":8},"end":{"line":168,"column":9}},"92":{"start":{"line":164,"column":10},"end":{"line":164,"column":34}},"93":{"start":{"line":165,"column":10},"end":{"line":165,"column":28}},"94":{"start":{"line":166,"column":10},"end":{"line":166,"column":48}},"95":{"start":{"line":167,"column":10},"end":{"line":167,"column":17}},"96":{"start":{"line":170,"column":26},"end":{"line":170,"column":61}},"97":{"start":{"line":171,"column":8},"end":{"line":183,"column":9}},"98":{"start":{"line":172,"column":10},"end":{"line":174,"column":12}},"99":{"start":{"line":173,"column":23},"end":{"line":173,"column":45}},"100":{"start":{"line":176,"column":10},"end":{"line":176,"column":58}},"101":{"start":{"line":177,"column":10},"end":{"line":177,"column":28}},"102":{"start":{"line":179,"column":10},"end":{"line":182,"column":13}},"103":{"start":{"line":193,"column":30},"end":{"line":215,"column":1}},"104":{"start":{"line":198,"column":21},"end":{"line":198,"column":49}},"105":{"start":{"line":199,"column":16},"end":{"line":199,"column":54}},"106":{"start":{"line":200,"column":2},"end":{"line":203,"column":3}},"107":{"start":{"line":201,"column":4},"end":{"line":201,"column":42}},"108":{"start":{"line":202,"column":4},"end":{"line":202,"column":11}},"109":{"start":{"line":204,"column":2},"end":{"line":214,"column":3}},"110":{"start":{"line":205,"column":4},"end":{"line":213,"column":7}},"111":{"start":{"line":206,"column":6},"end":{"line":209,"column":7}},"112":{"start":{"line":207,"column":8},"end":{"line":207,"column":46}},"113":{"start":{"line":208,"column":8},"end":{"line":208,"column":15}},"114":{"start":{"line":210,"column":22},"end":{"line":210,"column":42}},"115":{"start":{"line":211,"column":6},"end":{"line":211,"column":37}},"116":{"start":{"line":212,"column":6},"end":{"line":212,"column":13}},"117":{"start":{"line":193,"column":13},"end":{"line":193,"column":30}},"118":{"start":{"line":217,"column":19},"end":{"line":239,"column":2}},"119":{"start":{"line":217,"column":57},"end":{"line":239,"column":2}},"120":{"start":{"line":218,"column":20},"end":{"line":218,"column":34}},"121":{"start":{"line":219,"column":19},"end":{"line":219,"column":36}},"122":{"start":{"line":220,"column":2},"end":{"line":223,"column":3}},"123":{"start":{"line":221,"column":4},"end":{"line":221,"column":54}},"124":{"start":{"line":222,"column":4},"end":{"line":222,"column":11}},"125":{"start":{"line":224,"column":15},"end":{"line":224,"column":60}},"126":{"start":{"line":225,"column":2},"end":{"line":228,"column":3}},"127":{"start":{"line":226,"column":4},"end":{"line":226,"column":52}},"128":{"start":{"line":227,"column":4},"end":{"line":227,"column":11}},"129":{"start":{"line":229,"column":24},"end":{"line":229,"column":69}},"130":{"start":{"line":230,"column":2},"end":{"line":233,"column":3}},"131":{"start":{"line":231,"column":4},"end":{"line":231,"column":52}},"132":{"start":{"line":232,"column":4},"end":{"line":232,"column":11}},"133":{"start":{"line":234,"column":2},"end":{"line":234,"column":53}},"134":{"start":{"line":236,"column":2},"end":{"line":236,"column":46}},"135":{"start":{"line":237,"column":2},"end":{"line":237,"column":47}},"136":{"start":{"line":238,"column":2},"end":{"line":238,"column":39}},"137":{"start":{"line":241,"column":0},"end":{"line":241,"column":64}}},"fnMap":{"0":{"name":"(anonymous_8)","decl":{"start":{"line":8,"column":17},"end":{"line":8,"column":24}},"loc":{"start":{"line":8,"column":71},"end":{"line":32,"column":2}}},"1":{"name":"(anonymous_9)","decl":{"start":{"line":8,"column":71},"end":{"line":8,"column":null}},"loc":{"start":{"line":8,"column":71},"end":{"line":32,"column":1}}},"2":{"name":"(anonymous_10)","decl":{"start":{"line":34,"column":23},"end":{"line":34,"column":null}},"loc":{"start":{"line":36,"column":58},"end":{"line":61,"column":1}}},"3":{"name":"(anonymous_11)","decl":{"start":{"line":63,"column":14},"end":{"line":63,"column":21}},"loc":{"start":{"line":63,"column":52},"end":{"line":94,"column":2}}},"4":{"name":"(anonymous_12)","decl":{"start":{"line":63,"column":52},"end":{"line":63,"column":null}},"loc":{"start":{"line":63,"column":52},"end":{"line":94,"column":1}}},"5":{"name":"(anonymous_13)","decl":{"start":{"line":96,"column":15},"end":{"line":96,"column":22}},"loc":{"start":{"line":96,"column":69},"end":{"line":137,"column":2}}},"6":{"name":"(anonymous_14)","decl":{"start":{"line":96,"column":69},"end":{"line":96,"column":null}},"loc":{"start":{"line":96,"column":69},"end":{"line":137,"column":1}}},"7":{"name":"(anonymous_15)","decl":{"start":{"line":107,"column":6},"end":{"line":107,"column":13}},"loc":{"start":{"line":107,"column":36},"end":{"line":134,"column":null}}},"8":{"name":"(anonymous_16)","decl":{"start":{"line":107,"column":36},"end":{"line":107,"column":null}},"loc":{"start":{"line":107,"column":36},"end":{"line":134,"column":7}}},"9":{"name":"(anonymous_17)","decl":{"start":{"line":129,"column":10},"end":{"line":129,"column":11}},"loc":{"start":{"line":129,"column":21},"end":{"line":129,"column":43}}},"10":{"name":"(anonymous_18)","decl":{"start":{"line":139,"column":16},"end":{"line":139,"column":23}},"loc":{"start":{"line":139,"column":70},"end":{"line":187,"column":2}}},"11":{"name":"(anonymous_19)","decl":{"start":{"line":139,"column":70},"end":{"line":139,"column":null}},"loc":{"start":{"line":139,"column":70},"end":{"line":187,"column":1}}},"12":{"name":"(anonymous_20)","decl":{"start":{"line":150,"column":6},"end":{"line":150,"column":13}},"loc":{"start":{"line":150,"column":36},"end":{"line":184,"column":null}}},"13":{"name":"(anonymous_21)","decl":{"start":{"line":150,"column":36},"end":{"line":150,"column":null}},"loc":{"start":{"line":150,"column":36},"end":{"line":184,"column":7}}},"14":{"name":"(anonymous_22)","decl":{"start":{"line":173,"column":12},"end":{"line":173,"column":13}},"loc":{"start":{"line":173,"column":23},"end":{"line":173,"column":45}}},"15":{"name":"(anonymous_23)","decl":{"start":{"line":193,"column":30},"end":{"line":193,"column":null}},"loc":{"start":{"line":197,"column":4},"end":{"line":215,"column":1}}},"16":{"name":"(anonymous_24)","decl":{"start":{"line":205,"column":48},"end":{"line":205,"column":49}},"loc":{"start":{"line":205,"column":62},"end":{"line":213,"column":5}}},"17":{"name":"(anonymous_25)","decl":{"start":{"line":217,"column":19},"end":{"line":217,"column":26}},"loc":{"start":{"line":217,"column":57},"end":{"line":239,"column":2}}},"18":{"name":"(anonymous_26)","decl":{"start":{"line":217,"column":57},"end":{"line":217,"column":null}},"loc":{"start":{"line":217,"column":57},"end":{"line":239,"column":1}}}},"branchMap":{"0":{"loc":{"start":{"line":12,"column":2},"end":{"line":15,"column":3}},"type":"if","locations":[{"start":{"line":12,"column":2},"end":{"line":15,"column":3}}]},"1":{"loc":{"start":{"line":12,"column":6},"end":{"line":12,"column":25}},"type":"binary-expr","locations":[{"start":{"line":12,"column":6},"end":{"line":12,"column":12}},{"start":{"line":12,"column":16},"end":{"line":12,"column":25}}]},"2":{"loc":{"start":{"line":17,"column":2},"end":{"line":20,"column":3}},"type":"if","locations":[{"start":{"line":17,"column":2},"end":{"line":20,"column":3}}]},"3":{"loc":{"start":{"line":40,"column":2},"end":{"line":58,"column":3}},"type":"if","locations":[{"start":{"line":40,"column":2},"end":{"line":58,"column":3}}]},"4":{"loc":{"start":{"line":66,"column":2},"end":{"line":69,"column":3}},"type":"if","locations":[{"start":{"line":66,"column":2},"end":{"line":69,"column":3}}]},"5":{"loc":{"start":{"line":66,"column":6},"end":{"line":66,"column":25}},"type":"binary-expr","locations":[{"start":{"line":66,"column":6},"end":{"line":66,"column":12}},{"start":{"line":66,"column":16},"end":{"line":66,"column":25}}]},"6":{"loc":{"start":{"line":71,"column":2},"end":{"line":74,"column":3}},"type":"if","locations":[{"start":{"line":71,"column":2},"end":{"line":74,"column":3}}]},"7":{"loc":{"start":{"line":76,"column":2},"end":{"line":79,"column":3}},"type":"if","locations":[{"start":{"line":76,"column":2},"end":{"line":79,"column":3}}]},"8":{"loc":{"start":{"line":84,"column":2},"end":{"line":93,"column":3}},"type":"if","locations":[{"start":{"line":84,"column":2},"end":{"line":93,"column":3}}]},"9":{"loc":{"start":{"line":98,"column":2},"end":{"line":101,"column":3}},"type":"if","locations":[{"start":{"line":98,"column":2},"end":{"line":101,"column":3}}]},"10":{"loc":{"start":{"line":103,"column":2},"end":{"line":136,"column":3}},"type":"if","locations":[{"start":{"line":103,"column":2},"end":{"line":136,"column":3}}]},"11":{"loc":{"start":{"line":108,"column":8},"end":{"line":111,"column":9}},"type":"if","locations":[{"start":{"line":108,"column":8},"end":{"line":111,"column":9}}]},"12":{"loc":{"start":{"line":116,"column":8},"end":{"line":119,"column":9}},"type":"if","locations":[{"start":{"line":116,"column":8},"end":{"line":119,"column":9}}]},"13":{"loc":{"start":{"line":121,"column":8},"end":{"line":126,"column":9}},"type":"if","locations":[{"start":{"line":121,"column":8},"end":{"line":126,"column":9}}]},"14":{"loc":{"start":{"line":121,"column":12},"end":{"line":121,"column":77}},"type":"binary-expr","locations":[{"start":{"line":121,"column":12},"end":{"line":121,"column":31}},{"start":{"line":121,"column":35},"end":{"line":121,"column":77}}]},"15":{"loc":{"start":{"line":141,"column":2},"end":{"line":144,"column":3}},"type":"if","locations":[{"start":{"line":141,"column":2},"end":{"line":144,"column":3}}]},"16":{"loc":{"start":{"line":146,"column":2},"end":{"line":186,"column":3}},"type":"if","locations":[{"start":{"line":146,"column":2},"end":{"line":186,"column":3}}]},"17":{"loc":{"start":{"line":151,"column":8},"end":{"line":154,"column":9}},"type":"if","locations":[{"start":{"line":151,"column":8},"end":{"line":154,"column":9}}]},"18":{"loc":{"start":{"line":158,"column":8},"end":{"line":161,"column":9}},"type":"if","locations":[{"start":{"line":158,"column":8},"end":{"line":161,"column":9}}]},"19":{"loc":{"start":{"line":163,"column":8},"end":{"line":168,"column":9}},"type":"if","locations":[{"start":{"line":163,"column":8},"end":{"line":168,"column":9}}]},"20":{"loc":{"start":{"line":163,"column":12},"end":{"line":163,"column":77}},"type":"binary-expr","locations":[{"start":{"line":163,"column":12},"end":{"line":163,"column":31}},{"start":{"line":163,"column":35},"end":{"line":163,"column":77}}]},"21":{"loc":{"start":{"line":171,"column":8},"end":{"line":183,"column":9}},"type":"if","locations":[{"start":{"line":171,"column":8},"end":{"line":183,"column":9}}]},"22":{"loc":{"start":{"line":199,"column":16},"end":{"line":199,"column":54}},"type":"binary-expr","locations":[{"start":{"line":199,"column":16},"end":{"line":199,"column":26}},{"start":{"line":199,"column":30},"end":{"line":199,"column":54}}]},"23":{"loc":{"start":{"line":200,"column":2},"end":{"line":203,"column":3}},"type":"if","locations":[{"start":{"line":200,"column":2},"end":{"line":203,"column":3}}]},"24":{"loc":{"start":{"line":204,"column":2},"end":{"line":214,"column":3}},"type":"if","locations":[{"start":{"line":204,"column":2},"end":{"line":214,"column":3}}]},"25":{"loc":{"start":{"line":206,"column":6},"end":{"line":209,"column":7}},"type":"if","locations":[{"start":{"line":206,"column":6},"end":{"line":209,"column":7}}]},"26":{"loc":{"start":{"line":220,"column":2},"end":{"line":223,"column":3}},"type":"if","locations":[{"start":{"line":220,"column":2},"end":{"line":223,"column":3}}]},"27":{"loc":{"start":{"line":220,"column":6},"end":{"line":220,"column":29}},"type":"binary-expr","locations":[{"start":{"line":220,"column":6},"end":{"line":220,"column":16}},{"start":{"line":220,"column":20},"end":{"line":220,"column":29}}]},"28":{"loc":{"start":{"line":225,"column":2},"end":{"line":228,"column":3}},"type":"if","locations":[{"start":{"line":225,"column":2},"end":{"line":228,"column":3}}]},"29":{"loc":{"start":{"line":230,"column":2},"end":{"line":233,"column":3}},"type":"if","locations":[{"start":{"line":230,"column":2},"end":{"line":233,"column":3}}]}},"s":{"0":3,"1":3,"2":3,"3":3,"4":3,"5":3,"6":10,"7":10,"8":10,"9":10,"10":1,"11":1,"12":9,"13":2,"14":2,"15":7,"16":7,"17":7,"18":7,"19":3,"20":14,"21":14,"22":14,"23":14,"24":14,"25":14,"26":14,"27":3,"28":14,"29":14,"30":14,"31":14,"32":1,"33":1,"34":13,"35":13,"36":1,"37":1,"38":12,"39":12,"40":1,"41":1,"42":11,"43":11,"44":11,"45":11,"46":11,"47":11,"48":3,"49":5,"50":5,"51":5,"52":1,"53":1,"54":4,"55":4,"56":4,"57":4,"58":1,"59":1,"60":3,"61":3,"62":3,"63":1,"64":1,"65":2,"66":1,"67":1,"68":1,"69":1,"70":1,"71":2,"72":1,"73":1,"74":3,"75":8,"76":8,"77":8,"78":1,"79":1,"80":7,"81":7,"82":7,"83":7,"84":1,"85":1,"86":6,"87":6,"88":6,"89":1,"90":1,"91":5,"92":2,"93":2,"94":2,"95":2,"96":3,"97":3,"98":3,"99":4,"100":3,"101":3,"102":3,"103":3,"104":24,"105":24,"106":24,"107":3,"108":3,"109":21,"110":21,"111":21,"112":3,"113":3,"114":18,"115":18,"116":18,"117":3,"118":3,"119":6,"120":6,"121":6,"122":6,"123":1,"124":1,"125":5,"126":5,"127":1,"128":1,"129":4,"130":4,"131":1,"132":1,"133":3,"134":3,"135":3,"136":3,"137":3},"f":{"0":10,"1":10,"2":14,"3":14,"4":14,"5":5,"6":5,"7":4,"8":4,"9":2,"10":8,"11":8,"12":7,"13":7,"14":4,"15":24,"16":21,"17":6,"18":6},"b":{"0":[1],"1":[10,9],"2":[2],"3":[14],"4":[1],"5":[14,13],"6":[1],"7":[1],"8":[11],"9":[1],"10":[4],"11":[1],"12":[1],"13":[1],"14":[2,2],"15":[1],"16":[7],"17":[1],"18":[1],"19":[2],"20":[5,5],"21":[3],"22":[24,22],"23":[3],"24":[21],"25":[3],"26":[1],"27":[6,5],"28":[1],"29":[1]}}
,"C:\\Users\\user\\Desktop\\Study\\Computer Science\\Third-year\\Advanced-Web-Applications\\Assignments\\Assignment-2---USER-JWT-SWAGGER-JEST\\src\\controllers\\base_controller.ts": {"path":"C:\\Users\\user\\Desktop\\Study\\Computer Science\\Third-year\\Advanced-Web-Applications\\Assignments\\Assignment-2---USER-JWT-SWAGGER-JEST\\src\\controllers\\base_controller.ts","statementMap":{"0":{"start":{"line":7,"column":4},"end":{"line":7,"column":23}},"1":{"start":{"line":11,"column":19},"end":{"line":11,"column":28}},"2":{"start":{"line":13,"column":6},"end":{"line":15,"column":39}},"3":{"start":{"line":16,"column":4},"end":{"line":20,"column":5}},"4":{"start":{"line":17,"column":6},"end":{"line":17,"column":44}},"5":{"start":{"line":19,"column":6},"end":{"line":19,"column":21}},"6":{"start":{"line":24,"column":15},"end":{"line":24,"column":28}},"7":{"start":{"line":25,"column":4},"end":{"line":34,"column":5}},"8":{"start":{"line":26,"column":19},"end":{"line":26,"column":48}},"9":{"start":{"line":27,"column":6},"end":{"line":31,"column":7}},"10":{"start":{"line":28,"column":8},"end":{"line":28,"column":30}},"11":{"start":{"line":30,"column":8},"end":{"line":30,"column":54}},"12":{"start":{"line":33,"column":6},"end":{"line":33,"column":39}},"13":{"start":{"line":38,"column":4},"end":{"line":43,"column":5}},"14":{"start":{"line":39,"column":19},"end":{"line":39,"column":52}},"15":{"start":{"line":40,"column":6},"end":{"line":40,"column":33}},"16":{"start":{"line":42,"column":6},"end":{"line":42,"column":32}},"17":{"start":{"line":47,"column":15},"end":{"line":47,"column":28}},"18":{"start":{"line":48,"column":4},"end":{"line":59,"column":5}},"19":{"start":{"line":49,"column":19},"end":{"line":51,"column":8}},"20":{"start":{"line":52,"column":6},"end":{"line":56,"column":7}},"21":{"start":{"line":53,"column":8},"end":{"line":53,"column":30}},"22":{"start":{"line":55,"column":8},"end":{"line":55,"column":54}},"23":{"start":{"line":58,"column":6},"end":{"line":58,"column":39}},"24":{"start":{"line":63,"column":15},"end":{"line":63,"column":28}},"25":{"start":{"line":64,"column":4},"end":{"line":69,"column":5}},"26":{"start":{"line":65,"column":6},"end":{"line":65,"column":45}},"27":{"start":{"line":66,"column":6},"end":{"line":66,"column":38}},"28":{"start":{"line":68,"column":6},"end":{"line":68,"column":39}},"29":{"start":{"line":73,"column":0},"end":{"line":73,"column":30}}},"fnMap":{"0":{"name":"(anonymous_7)","decl":{"start":{"line":6,"column":2},"end":{"line":6,"column":14}},"loc":{"start":{"line":6,"column":24},"end":{"line":8,"column":3}}},"1":{"name":"(anonymous_8)","decl":{"start":{"line":10,"column":8},"end":{"line":10,"column":14}},"loc":{"start":{"line":10,"column":42},"end":{"line":21,"column":null}}},"2":{"name":"(anonymous_10)","decl":{"start":{"line":23,"column":8},"end":{"line":23,"column":15}},"loc":{"start":{"line":23,"column":43},"end":{"line":35,"column":null}}},"3":{"name":"(anonymous_12)","decl":{"start":{"line":37,"column":8},"end":{"line":37,"column":18}},"loc":{"start":{"line":37,"column":46},"end":{"line":44,"column":null}}},"4":{"name":"(anonymous_14)","decl":{"start":{"line":46,"column":8},"end":{"line":46,"column":18}},"loc":{"start":{"line":46,"column":46},"end":{"line":60,"column":null}}},"5":{"name":"(anonymous_16)","decl":{"start":{"line":62,"column":8},"end":{"line":62,"column":18}},"loc":{"start":{"line":62,"column":46},"end":{"line":70,"column":null}}}},"branchMap":{"0":{"loc":{"start":{"line":13,"column":6},"end":{"line":15,"column":39}},"type":"cond-expr","locations":[{"start":{"line":14,"column":10},"end":{"line":14,"column":33}},{"start":{"line":15,"column":10},"end":{"line":15,"column":39}}]},"1":{"loc":{"start":{"line":16,"column":4},"end":{"line":20,"column":5}},"type":"if","locations":[{"start":{"line":16,"column":4},"end":{"line":20,"column":5}},{"start":{"line":18,"column":11},"end":{"line":20,"column":5}}]},"2":{"loc":{"start":{"line":27,"column":6},"end":{"line":31,"column":7}},"type":"if","locations":[{"start":{"line":27,"column":6},"end":{"line":31,"column":7}},{"start":{"line":29,"column":13},"end":{"line":31,"column":7}}]},"3":{"loc":{"start":{"line":52,"column":6},"end":{"line":56,"column":7}},"type":"if","locations":[{"start":{"line":52,"column":6},"end":{"line":56,"column":7}},{"start":{"line":54,"column":13},"end":{"line":56,"column":7}}]}},"s":{"0":6,"1":7,"2":7,"3":7,"4":2,"5":5,"6":7,"7":7,"8":7,"9":5,"10":2,"11":3,"12":2,"13":8,"14":8,"15":6,"16":2,"17":6,"18":6,"19":6,"20":4,"21":2,"22":2,"23":2,"24":4,"25":4,"26":4,"27":2,"28":2,"29":3},"f":{"0":6,"1":7,"2":7,"3":8,"4":6,"5":4},"b":{"0":[2,5],"1":[2,5],"2":[2,3],"3":[2,2]}}
,"C:\\Users\\user\\Desktop\\Study\\Computer Science\\Third-year\\Advanced-Web-Applications\\Assignments\\Assignment-2---USER-JWT-SWAGGER-JEST\\src\\controllers\\comments_controller.ts": {"path":"C:\\Users\\user\\Desktop\\Study\\Computer Science\\Third-year\\Advanced-Web-Applications\\Assignments\\Assignment-2---USER-JWT-SWAGGER-JEST\\src\\controllers\\comments_controller.ts","statementMap":{"0":{"start":{"line":1,"column":0},"end":{"line":1,"column":53}},"1":{"start":{"line":3,"column":0},"end":{"line":3,"column":47}},"2":{"start":{"line":10,"column":4},"end":{"line":10,"column":17}},"3":{"start":{"line":15,"column":16},"end":{"line":15,"column":32}},"4":{"start":{"line":16,"column":17},"end":{"line":18,"column":null}},"5":{"start":{"line":20,"column":4},"end":{"line":20,"column":23}},"6":{"start":{"line":21,"column":4},"end":{"line":21,"column":38}},"7":{"start":{"line":26,"column":0},"end":{"line":26,"column":53}}},"fnMap":{"0":{"name":"(anonymous_8)","decl":{"start":{"line":8,"column":2},"end":{"line":8,"column":14}},"loc":{"start":{"line":8,"column":24},"end":{"line":11,"column":3}}},"1":{"name":"(anonymous_9)","decl":{"start":{"line":13,"column":8},"end":{"line":13,"column":18}},"loc":{"start":{"line":13,"column":46},"end":{"line":22,"column":null}}}},"branchMap":{},"s":{"0":3,"1":3,"2":3,"3":2,"4":2,"5":2,"6":2,"7":3},"f":{"0":3,"1":2},"b":{}}
,"C:\\Users\\user\\Desktop\\Study\\Computer Science\\Third-year\\Advanced-Web-Applications\\Assignments\\Assignment-2---USER-JWT-SWAGGER-JEST\\src\\controllers\\posts_controller.ts": {"path":"C:\\Users\\user\\Desktop\\Study\\Computer Science\\Third-year\\Advanced-Web-Applications\\Assignments\\Assignment-2---USER-JWT-SWAGGER-JEST\\src\\controllers\\posts_controller.ts","statementMap":{"0":{"start":{"line":1,"column":0},"end":{"line":1,"column":47}},"1":{"start":{"line":4,"column":0},"end":{"line":4,"column":47}},"2":{"start":{"line":5,"column":0},"end":{"line":5,"column":52}},"3":{"start":{"line":9,"column":4},"end":{"line":9,"column":17}},"4":{"start":{"line":13,"column":16},"end":{"line":13,"column":32}},"5":{"start":{"line":14,"column":14},"end":{"line":16,"column":null}},"6":{"start":{"line":18,"column":4},"end":{"line":18,"column":20}},"7":{"start":{"line":19,"column":4},"end":{"line":19,"column":38}},"8":{"start":{"line":23,"column":16},"end":{"line":23,"column":29}},"9":{"start":{"line":24,"column":4},"end":{"line":24,"column":51}},"10":{"start":{"line":25,"column":4},"end":{"line":25,"column":38}},"11":{"start":{"line":29,"column":0},"end":{"line":29,"column":46}}},"fnMap":{"0":{"name":"(anonymous_8)","decl":{"start":{"line":8,"column":2},"end":{"line":8,"column":14}},"loc":{"start":{"line":8,"column":24},"end":{"line":10,"column":3}}},"1":{"name":"(anonymous_9)","decl":{"start":{"line":12,"column":8},"end":{"line":12,"column":18}},"loc":{"start":{"line":12,"column":46},"end":{"line":20,"column":null}}},"2":{"name":"(anonymous_12)","decl":{"start":{"line":22,"column":8},"end":{"line":22,"column":18}},"loc":{"start":{"line":22,"column":46},"end":{"line":26,"column":null}}}},"branchMap":{},"s":{"0":3,"1":3,"2":3,"3":3,"4":6,"5":6,"6":6,"7":6,"8":2,"9":2,"10":2,"11":3},"f":{"0":3,"1":6,"2":2},"b":{}}
,"C:\\Users\\user\\Desktop\\Study\\Computer Science\\Third-year\\Advanced-Web-Applications\\Assignments\\Assignment-2---USER-JWT-SWAGGER-JEST\\src\\models\\comments_model.ts": {"path":"C:\\Users\\user\\Desktop\\Study\\Computer Science\\Third-year\\Advanced-Web-Applications\\Assignments\\Assignment-2---USER-JWT-SWAGGER-JEST\\src\\models\\comments_model.ts","statementMap":{"0":{"start":{"line":1,"column":0},"end":{"line":1,"column":32}},"1":{"start":{"line":2,"column":15},"end":{"line":2,"column":30}},"2":{"start":{"line":3,"column":23},"end":{"line":16,"column":2}},"3":{"start":{"line":17,"column":21},"end":{"line":17,"column":63}},"4":{"start":{"line":19,"column":0},"end":{"line":19,"column":28}}},"fnMap":{},"branchMap":{},"s":{"0":3,"1":3,"2":3,"3":3,"4":3},"f":{},"b":{}}
,"C:\\Users\\user\\Desktop\\Study\\Computer Science\\Third-year\\Advanced-Web-Applications\\Assignments\\Assignment-2---USER-JWT-SWAGGER-JEST\\src\\models\\posts_model.ts": {"path":"C:\\Users\\user\\Desktop\\Study\\Computer Science\\Third-year\\Advanced-Web-Applications\\Assignments\\Assignment-2---USER-JWT-SWAGGER-JEST\\src\\models\\posts_model.ts","statementMap":{"0":{"start":{"line":1,"column":0},"end":{"line":1,"column":32}},"1":{"start":{"line":2,"column":15},"end":{"line":2,"column":30}},"2":{"start":{"line":3,"column":20},"end":{"line":13,"column":2}},"3":{"start":{"line":14,"column":14},"end":{"line":14,"column":50}},"4":{"start":{"line":16,"column":0},"end":{"line":16,"column":21}}},"fnMap":{},"branchMap":{},"s":{"0":3,"1":3,"2":3,"3":3,"4":3},"f":{},"b":{}}
,"C:\\Users\\user\\Desktop\\Study\\Computer Science\\Third-year\\Advanced-Web-Applications\\Assignments\\Assignment-2---USER-JWT-SWAGGER-JEST\\src\\models\\user_model.ts": {"path":"C:\\Users\\user\\Desktop\\Study\\Computer Science\\Third-year\\Advanced-Web-Applications\\Assignments\\Assignment-2---USER-JWT-SWAGGER-JEST\\src\\models\\user_model.ts","statementMap":{"0":{"start":{"line":1,"column":0},"end":{"line":1,"column":32}},"1":{"start":{"line":2,"column":15},"end":{"line":2,"column":30}},"2":{"start":{"line":4,"column":19},"end":{"line":18,"column":2}},"3":{"start":{"line":19,"column":18},"end":{"line":19,"column":53}},"4":{"start":{"line":21,"column":0},"end":{"line":21,"column":25}}},"fnMap":{},"branchMap":{},"s":{"0":3,"1":3,"2":3,"3":3,"4":3},"f":{},"b":{}}
,"C:\\Users\\user\\Desktop\\Study\\Computer Science\\Third-year\\Advanced-Web-Applications\\Assignments\\Assignment-2---USER-JWT-SWAGGER-JEST\\src\\routes\\auth_routes.ts": {"path":"C:\\Users\\user\\Desktop\\Study\\Computer Science\\Third-year\\Advanced-Web-Applications\\Assignments\\Assignment-2---USER-JWT-SWAGGER-JEST\\src\\routes\\auth_routes.ts","statementMap":{"0":{"start":{"line":1,"column":0},"end":{"line":1,"column":53}},"1":{"start":{"line":2,"column":0},"end":{"line":2,"column":60}},"2":{"start":{"line":4,"column":15},"end":{"line":4,"column":31}},"3":{"start":{"line":6,"column":0},"end":{"line":6,"column":50}},"4":{"start":{"line":8,"column":0},"end":{"line":8,"column":44}},"5":{"start":{"line":10,"column":0},"end":{"line":10,"column":46}},"6":{"start":{"line":12,"column":0},"end":{"line":12,"column":48}},"7":{"start":{"line":14,"column":0},"end":{"line":14,"column":52}},"8":{"start":{"line":16,"column":0},"end":{"line":16,"column":22}}},"fnMap":{},"branchMap":{},"s":{"0":3,"1":3,"2":3,"3":3,"4":3,"5":3,"6":3,"7":3,"8":3},"f":{},"b":{}}
,"C:\\Users\\user\\Desktop\\Study\\Computer Science\\Third-year\\Advanced-Web-Applications\\Assignments\\Assignment-2---USER-JWT-SWAGGER-JEST\\src\\routes\\comments_routes.ts": {"path":"C:\\Users\\user\\Desktop\\Study\\Computer Science\\Third-year\\Advanced-Web-Applications\\Assignments\\Assignment-2---USER-JWT-SWAGGER-JEST\\src\\routes\\comments_routes.ts","statementMap":{"0":{"start":{"line":1,"column":0},"end":{"line":1,"column":53}},"1":{"start":{"line":2,"column":0},"end":{"line":2,"column":68}},"2":{"start":{"line":3,"column":0},"end":{"line":3,"column":64}},"3":{"start":{"line":5,"column":15},"end":{"line":5,"column":31}},"4":{"start":{"line":7,"column":0},"end":{"line":9,"column":3}},"5":{"start":{"line":8,"column":2},"end":{"line":8,"column":38}},"6":{"start":{"line":11,"column":0},"end":{"line":13,"column":3}},"7":{"start":{"line":12,"column":2},"end":{"line":12,"column":39}},"8":{"start":{"line":15,"column":0},"end":{"line":17,"column":3}},"9":{"start":{"line":16,"column":2},"end":{"line":16,"column":42}},"10":{"start":{"line":19,"column":0},"end":{"line":21,"column":3}},"11":{"start":{"line":20,"column":2},"end":{"line":20,"column":42}},"12":{"start":{"line":23,"column":0},"end":{"line":25,"column":3}},"13":{"start":{"line":24,"column":2},"end":{"line":24,"column":42}},"14":{"start":{"line":27,"column":0},"end":{"line":27,"column":22}}},"fnMap":{"0":{"name":"(anonymous_1)","decl":{"start":{"line":7,"column":16},"end":{"line":7,"column":17}},"loc":{"start":{"line":7,"column":48},"end":{"line":9,"column":1}}},"1":{"name":"(anonymous_2)","decl":{"start":{"line":11,"column":19},"end":{"line":11,"column":20}},"loc":{"start":{"line":11,"column":51},"end":{"line":13,"column":1}}},"2":{"name":"(anonymous_3)","decl":{"start":{"line":15,"column":33},"end":{"line":15,"column":34}},"loc":{"start":{"line":15,"column":65},"end":{"line":17,"column":1}}},"3":{"name":"(anonymous_4)","decl":{"start":{"line":19,"column":35},"end":{"line":19,"column":36}},"loc":{"start":{"line":19,"column":67},"end":{"line":21,"column":1}}},"4":{"name":"(anonymous_5)","decl":{"start":{"line":23,"column":38},"end":{"line":23,"column":39}},"loc":{"start":{"line":23,"column":70},"end":{"line":25,"column":1}}}},"branchMap":{},"s":{"0":3,"1":3,"2":3,"3":3,"4":3,"5":4,"6":3,"7":3,"8":3,"9":2,"10":3,"11":3,"12":3,"13":2,"14":3},"f":{"0":4,"1":3,"2":2,"3":3,"4":2},"b":{}}
,"C:\\Users\\user\\Desktop\\Study\\Computer Science\\Third-year\\Advanced-Web-Applications\\Assignments\\Assignment-2---USER-JWT-SWAGGER-JEST\\src\\routes\\posts_routes.ts": {"path":"C:\\Users\\user\\Desktop\\Study\\Computer Science\\Third-year\\Advanced-Web-Applications\\Assignments\\Assignment-2---USER-JWT-SWAGGER-JEST\\src\\routes\\posts_routes.ts","statementMap":{"0":{"start":{"line":1,"column":0},"end":{"line":1,"column":67}},"1":{"start":{"line":2,"column":0},"end":{"line":2,"column":62}},"2":{"start":{"line":3,"column":0},"end":{"line":3,"column":64}},"3":{"start":{"line":5,"column":15},"end":{"line":5,"column":31}},"4":{"start":{"line":7,"column":0},"end":{"line":9,"column":3}},"5":{"start":{"line":8,"column":2},"end":{"line":8,"column":35}},"6":{"start":{"line":11,"column":0},"end":{"line":13,"column":3}},"7":{"start":{"line":12,"column":2},"end":{"line":12,"column":36}},"8":{"start":{"line":15,"column":0},"end":{"line":17,"column":3}},"9":{"start":{"line":16,"column":2},"end":{"line":16,"column":39}},"10":{"start":{"line":19,"column":0},"end":{"line":21,"column":3}},"11":{"start":{"line":20,"column":2},"end":{"line":20,"column":39}},"12":{"start":{"line":23,"column":0},"end":{"line":25,"column":3}},"13":{"start":{"line":24,"column":2},"end":{"line":24,"column":39}},"14":{"start":{"line":27,"column":0},"end":{"line":27,"column":22}}},"fnMap":{"0":{"name":"(anonymous_1)","decl":{"start":{"line":7,"column":16},"end":{"line":7,"column":17}},"loc":{"start":{"line":7,"column":48},"end":{"line":9,"column":1}}},"1":{"name":"(anonymous_2)","decl":{"start":{"line":11,"column":19},"end":{"line":11,"column":20}},"loc":{"start":{"line":11,"column":51},"end":{"line":13,"column":1}}},"2":{"name":"(anonymous_3)","decl":{"start":{"line":15,"column":33},"end":{"line":15,"column":34}},"loc":{"start":{"line":15,"column":65},"end":{"line":17,"column":1}}},"3":{"name":"(anonymous_4)","decl":{"start":{"line":19,"column":35},"end":{"line":19,"column":36}},"loc":{"start":{"line":19,"column":67},"end":{"line":21,"column":1}}},"4":{"name":"(anonymous_5)","decl":{"start":{"line":23,"column":38},"end":{"line":23,"column":39}},"loc":{"start":{"line":23,"column":70},"end":{"line":25,"column":1}}}},"branchMap":{},"s":{"0":3,"1":3,"2":3,"3":3,"4":3,"5":3,"6":3,"7":4,"8":3,"9":6,"10":3,"11":3,"12":3,"13":2,"14":3},"f":{"0":3,"1":4,"2":6,"3":3,"4":2},"b":{}}
}
