TN:
SF:src\server.ts
FN:12,(anonymous_1)
FN:13,(anonymous_2)
FN:16,(anonymous_3)
FN:24,(anonymous_4)
FN:31,(anonymous_5)
FN:40,(anonymous_6)
FNF:6
FNH:4
FNDA:1,(anonymous_1)
FNDA:1,(anonymous_2)
FNDA:1,(anonymous_3)
FNDA:1,(anonymous_4)
FNDA:0,(anonymous_5)
FNDA:0,(anonymous_6)
DA:1,1
DA:2,1
DA:3,1
DA:4,1
DA:5,1
DA:6,1
DA:7,1
DA:8,1
DA:10,1
DA:12,1
DA:13,1
DA:14,1
DA:15,1
DA:16,1
DA:17,1
DA:19,1
DA:20,0
DA:22,1
DA:25,1
DA:26,1
DA:27,1
DA:28,1
DA:29,1
DA:30,1
DA:32,0
DA:33,0
DA:38,1
DA:41,0
DA:47,1
LF:29
LH:25
BRDA:19,0,0,0
BRDA:19,0,1,1
BRDA:34,1,0,0
BRDA:34,1,1,0
BRDA:35,2,0,0
BRDA:35,2,1,0
BRF:6
BRH:1
end_of_record
TN:
SF:src\controllers\auth_controller.ts
FN:8,(anonymous_8)
FN:8,(anonymous_9)
FN:34,(anonymous_10)
FN:63,(anonymous_11)
FN:63,(anonymous_12)
FN:96,(anonymous_13)
FN:96,(anonymous_14)
FN:107,(anonymous_15)
FN:107,(anonymous_16)
FN:129,(anonymous_17)
FN:139,(anonymous_18)
FN:139,(anonymous_19)
FN:150,(anonymous_20)
FN:150,(anonymous_21)
FN:173,(anonymous_22)
FN:193,(anonymous_23)
FN:205,(anonymous_24)
FN:217,(anonymous_25)
FN:217,(anonymous_26)
FNF:19
FNH:7
FNDA:1,(anonymous_8)
FNDA:1,(anonymous_9)
FNDA:1,(anonymous_10)
FNDA:1,(anonymous_11)
FNDA:1,(anonymous_12)
FNDA:0,(anonymous_13)
FNDA:0,(anonymous_14)
FNDA:0,(anonymous_15)
FNDA:0,(anonymous_16)
FNDA:0,(anonymous_17)
FNDA:0,(anonymous_18)
FNDA:0,(anonymous_19)
FNDA:0,(anonymous_20)
FNDA:0,(anonymous_21)
FNDA:0,(anonymous_22)
FNDA:9,(anonymous_23)
FNDA:8,(anonymous_24)
FNDA:0,(anonymous_25)
FNDA:0,(anonymous_26)
DA:2,1
DA:3,1
DA:4,1
DA:5,1
DA:6,1
DA:8,1
DA:9,1
DA:10,1
DA:12,1
DA:13,0
DA:14,0
DA:17,1
DA:18,0
DA:19,0
DA:22,1
DA:23,1
DA:25,1
DA:31,1
DA:34,1
DA:37,1
DA:38,1
DA:39,1
DA:40,1
DA:41,1
DA:50,1
DA:60,1
DA:63,1
DA:64,1
DA:65,1
DA:66,1
DA:67,0
DA:68,0
DA:70,1
DA:71,1
DA:72,0
DA:73,0
DA:75,1
DA:76,1
DA:77,0
DA:78,0
DA:81,1
DA:82,1
DA:84,1
DA:85,1
DA:86,1
DA:87,1
DA:96,1
DA:97,0
DA:98,0
DA:99,0
DA:100,0
DA:103,0
DA:104,0
DA:107,0
DA:108,0
DA:109,0
DA:110,0
DA:113,0
DA:115,0
DA:116,0
DA:117,0
DA:118,0
DA:121,0
DA:122,0
DA:123,0
DA:124,0
DA:125,0
DA:128,0
DA:129,0
DA:131,0
DA:133,0
DA:139,1
DA:140,0
DA:141,0
DA:142,0
DA:143,0
DA:146,0
DA:147,0
DA:150,0
DA:151,0
DA:152,0
DA:153,0
DA:156,0
DA:157,0
DA:158,0
DA:159,0
DA:160,0
DA:163,0
DA:164,0
DA:165,0
DA:166,0
DA:167,0
DA:170,0
DA:171,0
DA:172,0
DA:173,0
DA:176,0
DA:177,0
DA:179,0
DA:193,1
DA:198,9
DA:199,9
DA:200,9
DA:201,1
DA:202,1
DA:204,8
DA:205,8
DA:206,8
DA:207,0
DA:208,0
DA:210,8
DA:211,8
DA:212,8
DA:217,1
DA:218,0
DA:219,0
DA:220,0
DA:221,0
DA:222,0
DA:224,0
DA:225,0
DA:226,0
DA:227,0
DA:229,0
DA:230,0
DA:231,0
DA:232,0
DA:234,0
DA:236,0
DA:237,0
DA:238,0
DA:241,1
LF:132
LH:52
BRDA:12,0,0,0
BRDA:12,1,0,1
BRDA:12,1,1,1
BRDA:17,2,0,0
BRDA:40,3,0,1
BRDA:66,4,0,0
BRDA:66,5,0,1
BRDA:66,5,1,1
BRDA:71,6,0,0
BRDA:76,7,0,0
BRDA:84,8,0,1
BRDA:98,9,0,0
BRDA:103,10,0,0
BRDA:108,11,0,0
BRDA:116,12,0,0
BRDA:121,13,0,0
BRDA:121,14,0,0
BRDA:121,14,1,0
BRDA:141,15,0,0
BRDA:146,16,0,0
BRDA:151,17,0,0
BRDA:158,18,0,0
BRDA:163,19,0,0
BRDA:163,20,0,0
BRDA:163,20,1,0
BRDA:171,21,0,0
BRDA:199,22,0,9
BRDA:199,22,1,8
BRDA:200,23,0,1
BRDA:204,24,0,8
BRDA:206,25,0,0
BRDA:220,26,0,0
BRDA:220,27,0,0
BRDA:220,27,1,0
BRDA:225,28,0,0
BRDA:230,29,0,0
BRF:36
BRH:10
end_of_record
TN:
SF:src\controllers\base_controller.ts
FN:6,(anonymous_7)
FN:10,(anonymous_8)
FN:19,(anonymous_10)
FN:33,(anonymous_12)
FN:42,(anonymous_14)
FN:58,(anonymous_16)
FNF:6
FNH:6
FNDA:2,(anonymous_7)
FNDA:2,(anonymous_8)
FNDA:4,(anonymous_10)
FNDA:3,(anonymous_12)
FNDA:3,(anonymous_14)
FNDA:2,(anonymous_16)
DA:7,2
DA:11,2
DA:13,2
DA:16,2
DA:20,4
DA:21,4
DA:22,4
DA:23,3
DA:24,1
DA:26,2
DA:29,1
DA:34,3
DA:35,3
DA:36,2
DA:38,1
DA:43,3
DA:44,3
DA:45,3
DA:48,2
DA:49,1
DA:51,1
DA:54,1
DA:59,2
DA:60,2
DA:61,2
DA:62,1
DA:64,1
DA:69,1
LF:28
LH:28
BRDA:13,0,0,1
BRDA:13,0,1,1
BRDA:23,1,0,1
BRDA:23,1,1,2
BRDA:48,2,0,1
BRDA:48,2,1,1
BRF:6
BRH:6
end_of_record
TN:
SF:src\controllers\comments_controller.ts
FN:8,(anonymous_8)
FN:13,(anonymous_9)
FNF:2
FNH:1
FNDA:1,(anonymous_8)
FNDA:0,(anonymous_9)
DA:1,1
DA:3,1
DA:10,1
DA:15,0
DA:16,0
DA:20,0
DA:21,0
DA:26,1
LF:8
LH:4
BRF:0
BRH:0
end_of_record
TN:
SF:src\controllers\posts_controller.ts
FN:8,(anonymous_8)
FN:12,(anonymous_9)
FN:22,(anonymous_12)
FNF:3
FNH:3
FNDA:1,(anonymous_8)
FNDA:3,(anonymous_9)
FNDA:2,(anonymous_12)
DA:1,1
DA:4,1
DA:5,1
DA:9,1
DA:13,3
DA:14,3
DA:18,3
DA:19,3
DA:23,2
DA:24,2
DA:25,2
DA:29,1
LF:12
LH:12
BRF:0
BRH:0
end_of_record
TN:
SF:src\models\comments_model.ts
FNF:0
FNH:0
DA:1,1
DA:2,1
DA:3,1
DA:17,1
DA:19,1
LF:5
LH:5
BRF:0
BRH:0
end_of_record
TN:
SF:src\models\posts_model.ts
FNF:0
FNH:0
DA:1,1
DA:2,1
DA:3,1
DA:14,1
DA:16,1
LF:5
LH:5
BRF:0
BRH:0
end_of_record
TN:
SF:src\models\user_model.ts
FNF:0
FNH:0
DA:1,1
DA:2,1
DA:4,1
DA:19,1
DA:21,1
LF:5
LH:5
BRF:0
BRH:0
end_of_record
TN:
SF:src\routes\auth_routes.ts
FNF:0
FNH:0
DA:1,1
DA:2,1
DA:4,1
DA:6,1
DA:8,1
DA:10,1
DA:12,1
DA:14,1
DA:16,1
LF:9
LH:9
BRF:0
BRH:0
end_of_record
TN:
SF:src\routes\comments_routes.ts
FN:7,(anonymous_1)
FN:11,(anonymous_2)
FN:15,(anonymous_3)
FN:19,(anonymous_4)
FN:23,(anonymous_5)
FNF:5
FNH:0
FNDA:0,(anonymous_1)
FNDA:0,(anonymous_2)
FNDA:0,(anonymous_3)
FNDA:0,(anonymous_4)
FNDA:0,(anonymous_5)
DA:1,1
DA:2,1
DA:3,1
DA:5,1
DA:7,1
DA:8,0
DA:11,1
DA:12,0
DA:15,1
DA:16,0
DA:19,1
DA:20,0
DA:23,1
DA:24,0
DA:27,1
LF:15
LH:10
BRF:0
BRH:0
end_of_record
TN:
SF:src\routes\posts_routes.ts
FN:7,(anonymous_1)
FN:11,(anonymous_2)
FN:15,(anonymous_3)
FN:19,(anonymous_4)
FN:23,(anonymous_5)
FNF:5
FNH:5
FNDA:2,(anonymous_1)
FNDA:4,(anonymous_2)
FNDA:3,(anonymous_3)
FNDA:3,(anonymous_4)
FNDA:2,(anonymous_5)
DA:1,1
DA:2,1
DA:3,1
DA:5,1
DA:7,1
DA:8,2
DA:11,1
DA:12,4
DA:15,1
DA:16,3
DA:19,1
DA:20,3
DA:23,1
DA:24,2
DA:27,1
LF:15
LH:15
BRF:0
BRH:0
end_of_record
