TN:
SF:src\server.ts
FN:12,(anonymous_1)
FN:13,(anonymous_2)
FN:16,(anonymous_3)
FN:24,(anonymous_4)
FN:31,(anonymous_5)
FN:40,(anonymous_6)
FNF:6
FNH:4
FNDA:3,(anonymous_1)
FNDA:3,(anonymous_2)
FNDA:3,(anonymous_3)
FNDA:3,(anonymous_4)
FNDA:0,(anonymous_5)
FNDA:0,(anonymous_6)
DA:1,3
DA:2,3
DA:3,3
DA:4,3
DA:5,3
DA:6,3
DA:7,3
DA:8,3
DA:10,3
DA:12,3
DA:13,3
DA:14,3
DA:15,3
DA:16,3
DA:17,3
DA:19,3
DA:20,0
DA:22,3
DA:25,3
DA:26,3
DA:27,3
DA:28,3
DA:29,3
DA:30,3
DA:32,0
DA:33,0
DA:38,3
DA:41,0
DA:47,3
LF:29
LH:25
BRDA:19,0,0,0
BRDA:19,0,1,3
BRDA:34,1,0,0
BRDA:34,1,1,0
BRDA:35,2,0,0
BRDA:35,2,1,0
BRF:6
BRH:1
end_of_record
TN:
SF:src\controllers\auth_controller.ts
FN:8,(anonymous_8)
FN:8,(anonymous_9)
FN:34,(anonymous_10)
FN:63,(anonymous_11)
FN:63,(anonymous_12)
FN:96,(anonymous_13)
FN:96,(anonymous_14)
FN:107,(anonymous_15)
FN:107,(anonymous_16)
FN:129,(anonymous_17)
FN:139,(anonymous_18)
FN:139,(anonymous_19)
FN:150,(anonymous_20)
FN:150,(anonymous_21)
FN:173,(anonymous_22)
FN:193,(anonymous_23)
FN:205,(anonymous_24)
FN:217,(anonymous_25)
FN:217,(anonymous_26)
FNF:19
FNH:19
FNDA:10,(anonymous_8)
FNDA:10,(anonymous_9)
FNDA:14,(anonymous_10)
FNDA:14,(anonymous_11)
FNDA:14,(anonymous_12)
FNDA:5,(anonymous_13)
FNDA:5,(anonymous_14)
FNDA:4,(anonymous_15)
FNDA:4,(anonymous_16)
FNDA:2,(anonymous_17)
FNDA:8,(anonymous_18)
FNDA:8,(anonymous_19)
FNDA:7,(anonymous_20)
FNDA:7,(anonymous_21)
FNDA:4,(anonymous_22)
FNDA:24,(anonymous_23)
FNDA:21,(anonymous_24)
FNDA:6,(anonymous_25)
FNDA:6,(anonymous_26)
DA:2,3
DA:3,3
DA:4,3
DA:5,3
DA:6,3
DA:8,10
DA:9,10
DA:10,10
DA:12,10
DA:13,1
DA:14,1
DA:17,9
DA:18,2
DA:19,2
DA:22,7
DA:23,7
DA:25,7
DA:31,7
DA:34,3
DA:37,14
DA:38,14
DA:39,14
DA:40,14
DA:41,14
DA:50,14
DA:60,14
DA:63,14
DA:64,14
DA:65,14
DA:66,14
DA:67,1
DA:68,1
DA:70,13
DA:71,13
DA:72,1
DA:73,1
DA:75,12
DA:76,12
DA:77,1
DA:78,1
DA:81,11
DA:82,11
DA:84,11
DA:85,11
DA:86,11
DA:87,11
DA:96,5
DA:97,5
DA:98,5
DA:99,1
DA:100,1
DA:103,4
DA:104,4
DA:107,4
DA:108,4
DA:109,1
DA:110,1
DA:113,3
DA:115,3
DA:116,3
DA:117,1
DA:118,1
DA:121,2
DA:122,1
DA:123,1
DA:124,1
DA:125,1
DA:128,1
DA:129,2
DA:131,1
DA:133,1
DA:139,8
DA:140,8
DA:141,8
DA:142,1
DA:143,1
DA:146,7
DA:147,7
DA:150,7
DA:151,7
DA:152,1
DA:153,1
DA:156,6
DA:157,6
DA:158,6
DA:159,1
DA:160,1
DA:163,5
DA:164,2
DA:165,2
DA:166,2
DA:167,2
DA:170,3
DA:171,3
DA:172,3
DA:173,4
DA:176,3
DA:177,3
DA:179,3
DA:193,3
DA:198,24
DA:199,24
DA:200,24
DA:201,3
DA:202,3
DA:204,21
DA:205,21
DA:206,21
DA:207,3
DA:208,3
DA:210,18
DA:211,18
DA:212,18
DA:217,6
DA:218,6
DA:219,6
DA:220,6
DA:221,1
DA:222,1
DA:224,5
DA:225,5
DA:226,1
DA:227,1
DA:229,4
DA:230,4
DA:231,1
DA:232,1
DA:234,3
DA:236,3
DA:237,3
DA:238,3
DA:241,3
LF:132
LH:132
BRDA:12,0,0,1
BRDA:12,1,0,10
BRDA:12,1,1,9
BRDA:17,2,0,2
BRDA:40,3,0,14
BRDA:66,4,0,1
BRDA:66,5,0,14
BRDA:66,5,1,13
BRDA:71,6,0,1
BRDA:76,7,0,1
BRDA:84,8,0,11
BRDA:98,9,0,1
BRDA:103,10,0,4
BRDA:108,11,0,1
BRDA:116,12,0,1
BRDA:121,13,0,1
BRDA:121,14,0,2
BRDA:121,14,1,2
BRDA:141,15,0,1
BRDA:146,16,0,7
BRDA:151,17,0,1
BRDA:158,18,0,1
BRDA:163,19,0,2
BRDA:163,20,0,5
BRDA:163,20,1,5
BRDA:171,21,0,3
BRDA:199,22,0,24
BRDA:199,22,1,22
BRDA:200,23,0,3
BRDA:204,24,0,21
BRDA:206,25,0,3
BRDA:220,26,0,1
BRDA:220,27,0,6
BRDA:220,27,1,5
BRDA:225,28,0,1
BRDA:230,29,0,1
BRF:36
BRH:36
end_of_record
TN:
SF:src\controllers\base_controller.ts
FN:6,(anonymous_7)
FN:10,(anonymous_8)
FN:23,(anonymous_10)
FN:37,(anonymous_12)
FN:46,(anonymous_14)
FN:62,(anonymous_16)
FNF:6
FNH:6
FNDA:6,(anonymous_7)
FNDA:7,(anonymous_8)
FNDA:7,(anonymous_10)
FNDA:8,(anonymous_12)
FNDA:6,(anonymous_14)
FNDA:4,(anonymous_16)
DA:7,6
DA:11,7
DA:13,7
DA:16,7
DA:17,2
DA:19,5
DA:24,7
DA:25,7
DA:26,7
DA:27,5
DA:28,2
DA:30,3
DA:33,2
DA:38,8
DA:39,8
DA:40,6
DA:42,2
DA:47,6
DA:48,6
DA:49,6
DA:52,4
DA:53,2
DA:55,2
DA:58,2
DA:63,4
DA:64,4
DA:65,4
DA:66,2
DA:68,2
DA:73,3
LF:30
LH:30
BRDA:13,0,0,2
BRDA:13,0,1,5
BRDA:16,1,0,2
BRDA:16,1,1,5
BRDA:27,2,0,2
BRDA:27,2,1,3
BRDA:52,3,0,2
BRDA:52,3,1,2
BRF:8
BRH:8
end_of_record
TN:
SF:src\controllers\comments_controller.ts
FN:8,(anonymous_8)
FN:13,(anonymous_9)
FNF:2
FNH:2
FNDA:3,(anonymous_8)
FNDA:2,(anonymous_9)
DA:1,3
DA:3,3
DA:10,3
DA:15,2
DA:16,2
DA:20,2
DA:21,2
DA:26,3
LF:8
LH:8
BRF:0
BRH:0
end_of_record
TN:
SF:src\controllers\posts_controller.ts
FN:8,(anonymous_8)
FN:12,(anonymous_9)
FN:22,(anonymous_12)
FNF:3
FNH:3
FNDA:3,(anonymous_8)
FNDA:6,(anonymous_9)
FNDA:2,(anonymous_12)
DA:1,3
DA:4,3
DA:5,3
DA:9,3
DA:13,6
DA:14,6
DA:18,6
DA:19,6
DA:23,2
DA:24,2
DA:25,2
DA:29,3
LF:12
LH:12
BRF:0
BRH:0
end_of_record
TN:
SF:src\models\comments_model.ts
FNF:0
FNH:0
DA:1,3
DA:2,3
DA:3,3
DA:17,3
DA:19,3
LF:5
LH:5
BRF:0
BRH:0
end_of_record
TN:
SF:src\models\posts_model.ts
FNF:0
FNH:0
DA:1,3
DA:2,3
DA:3,3
DA:14,3
DA:16,3
LF:5
LH:5
BRF:0
BRH:0
end_of_record
TN:
SF:src\models\user_model.ts
FNF:0
FNH:0
DA:1,3
DA:2,3
DA:4,3
DA:19,3
DA:21,3
LF:5
LH:5
BRF:0
BRH:0
end_of_record
TN:
SF:src\routes\auth_routes.ts
FNF:0
FNH:0
DA:1,3
DA:2,3
DA:4,3
DA:6,3
DA:8,3
DA:10,3
DA:12,3
DA:14,3
DA:16,3
LF:9
LH:9
BRF:0
BRH:0
end_of_record
TN:
SF:src\routes\comments_routes.ts
FN:7,(anonymous_1)
FN:11,(anonymous_2)
FN:15,(anonymous_3)
FN:19,(anonymous_4)
FN:23,(anonymous_5)
FNF:5
FNH:5
FNDA:4,(anonymous_1)
FNDA:3,(anonymous_2)
FNDA:2,(anonymous_3)
FNDA:3,(anonymous_4)
FNDA:2,(anonymous_5)
DA:1,3
DA:2,3
DA:3,3
DA:5,3
DA:7,3
DA:8,4
DA:11,3
DA:12,3
DA:15,3
DA:16,2
DA:19,3
DA:20,3
DA:23,3
DA:24,2
DA:27,3
LF:15
LH:15
BRF:0
BRH:0
end_of_record
TN:
SF:src\routes\posts_routes.ts
FN:7,(anonymous_1)
FN:11,(anonymous_2)
FN:15,(anonymous_3)
FN:19,(anonymous_4)
FN:23,(anonymous_5)
FNF:5
FNH:5
FNDA:3,(anonymous_1)
FNDA:4,(anonymous_2)
FNDA:6,(anonymous_3)
FNDA:3,(anonymous_4)
FNDA:2,(anonymous_5)
DA:1,3
DA:2,3
DA:3,3
DA:5,3
DA:7,3
DA:8,3
DA:11,3
DA:12,4
DA:15,3
DA:16,6
DA:19,3
DA:20,3
DA:23,3
DA:24,2
DA:27,3
LF:15
LH:15
BRF:0
BRH:0
end_of_record
